c:\users\diplo\documents\b2\_projets\sfml environment\b2ps1\b2ps1\debug\vc142.pdb
c:\users\diplo\documents\b2\_projets\sfml environment\b2ps1\b2ps1\debug\vc142.idb
c:\users\diplo\documents\b2\_projets\sfml environment\b2ps1\b2ps1\debug\jsoncpp.obj
c:\users\diplo\documents\b2\_projets\sfml environment\b2ps1\b2ps1\debug\savemanager.obj
c:\users\diplo\documents\b2\_projets\sfml environment\b2ps1\b2ps1\debug\ressources.obj
c:\users\diplo\documents\b2\_projets\sfml environment\b2ps1\b2ps1\debug\motor.obj
c:\users\diplo\documents\b2\_projets\sfml environment\b2ps1\b2ps1\debug\mapelement.obj
c:\users\diplo\documents\b2\_projets\sfml environment\b2ps1\b2ps1\debug\main.obj
c:\users\diplo\documents\b2\_projets\sfml environment\b2ps1\b2ps1\debug\logicsequencemanager.obj
c:\users\diplo\documents\b2\_projets\sfml environment\b2ps1\b2ps1\debug\components.obj
c:\users\diplo\documents\b2\_projets\sfml environment\b2ps1\b2ps1\debug\gameelement.obj
c:\users\diplo\documents\b2\_projets\sfml environment\b2ps1\b2ps1\debug\collider.obj
c:\users\diplo\documents\b2\_projets\sfml environment\b2ps1\b2ps1\debug\animatedsprite.obj
c:\users\diplo\documents\b2\_projets\sfml environment\b2ps1\debug\b2ps1.exe
c:\users\diplo\documents\b2\_projets\sfml environment\b2ps1\debug\b2ps1.ilk
c:\users\diplo\documents\b2\_projets\sfml environment\b2ps1\debug\b2ps1.pdb
c:\users\diplo\documents\b2\_projets\sfml environment\b2ps1\b2ps1\debug\csv.obj
c:\users\diplo\documents\b2\_projets\sfml environment\b2ps1\b2ps1\debug\levels.obj
c:\users\diplo\documents\b2\_projets\sfml environment\b2ps1\b2ps1\debug\components.obj.enc
c:\users\diplo\documents\b2\_projets\sfml environment\b2ps1\b2ps1\debug\b2ps1.tlog\cl.command.1.tlog
c:\users\diplo\documents\b2\_projets\sfml environment\b2ps1\b2ps1\debug\b2ps1.tlog\cl.read.1.tlog
c:\users\diplo\documents\b2\_projets\sfml environment\b2ps1\b2ps1\debug\b2ps1.tlog\cl.write.1.tlog
c:\users\diplo\documents\b2\_projets\sfml environment\b2ps1\b2ps1\debug\b2ps1.tlog\link.command.1.tlog
c:\users\diplo\documents\b2\_projets\sfml environment\b2ps1\b2ps1\debug\b2ps1.tlog\link.read.1.tlog
c:\users\diplo\documents\b2\_projets\sfml environment\b2ps1\b2ps1\debug\b2ps1.tlog\link.write.1.tlog
